This is pdfTeX, Version 3.141592-1.40.3 (Web2C 7.5.6) (format=pdflatex 2007.12.19)  27 JUN 2008 06:17
entering extended mode
\write18 enabled.
**/Users/vilhena/Documents/MSc/Thesis/chap3/chap3.tex
(/Users/vilhena/Documents/MSc/Thesis/chap3/chap3.tex
LaTeX2e <2005/12/01>
Babel <v3.8h> and hyphenation patterns for english, usenglishmax, dumylang, noh
yphenation, arabic, basque, bulgarian, coptic, welsh, czech, slovak, german, ng
erman, danish, esperanto, spanish, catalan, galician, estonian, farsi, finnish,
 french, greek, monogreek, ancientgreek, croatian, hungarian, interlingua, ibyc
us, indonesian, icelandic, italian, latin, mongolian, dutch, norsk, polish, por
tuguese, pinyin, romanian, russian, slovenian, uppersorbian, serbian, swedish, 
turkish, ukenglish, ukrainian, loaded.
! Undefined control sequence.
l.2 \chapter
            {Correlation Between \vpp\ and \jml} 
Here is how much of TeX's memory you used:
 6 strings out of 94073
 238 string characters out of 1163498
 2048804 words of memory out of 4500000
 3390 multiletter control sequences out of 10000+50000
 3640 words of font info for 14 fonts, out of 2000000 for 2000
 645 hyphenation exceptions out of 5000
 5i,0n,1p,98b,8s stack positions out of 5000i,500n,6000p,200000b,50000s

!  ==> Fatal error occurred, no output PDF file produced!
